[2025-08-24 19:15:45] ACTIVITY: System Initialized - User: guest - Details: Configuration loaded successfully
[2025-08-24 19:15:45] ACTIVITY: Page Loaded - User: guest - Details: Index page accessed successfully
[2025-08-24 19:15:56] ACTIVITY: System Initialized - User: guest - Details: Configuration loaded successfully
[2025-08-24 19:15:56] ACTIVITY: Page Loaded - User: guest - Details: Index page accessed successfully
[2025-08-24 19:16:01] ACTIVITY: System Initialized - User: guest - Details: Configuration loaded successfully
[2025-08-24 19:16:01] ACTIVITY: Page Loaded - User: guest - Details: Index page accessed successfully
[2025-08-24 19:16:11] ACTIVITY: System Initialized - User: guest - Details: Configuration loaded successfully
[2025-08-24 19:16:11] ACTIVITY: Page Loaded - User: guest - Details: Index page accessed successfully
[2025-08-24 19:16:11] ACTIVITY: System Initialized - User: 3 - Details: Configuration loaded successfully
[2025-08-24 19:16:11] ACTIVITY: Page Loaded - User: 3 - Details: Index page accessed successfully
[2025-08-24 19:16:24] ACTIVITY: System Initialized - User: guest - Details: Configuration loaded successfully
[2025-08-24 19:16:24] ACTIVITY: Page Loaded - User: guest - Details: Index page accessed successfully
[2025-08-24 19:16:27] ACTIVITY: System Initialized - User: guest - Details: Configuration loaded successfully
[2025-08-24 19:16:27] ACTIVITY: Page Loaded - User: guest - Details: Index page accessed successfully
[2025-08-24 19:16:34] ACTIVITY: System Initialized - User: guest - Details: Configuration loaded successfully
[2025-08-24 19:16:34] ACTIVITY: Page Loaded - User: guest - Details: Index page accessed successfully
[2025-08-24 19:16:34] ACTIVITY: System Initialized - User: 2 - Details: Configuration loaded successfully
[2025-08-24 19:16:34] ACTIVITY: Page Loaded - User: 2 - Details: Index page accessed successfully
[2025-08-24 19:16:44] ACTIVITY: System Initialized - User: 2 - Details: Configuration loaded successfully
[2025-08-24 19:16:44] ACTIVITY: Page Loaded - User: 2 - Details: Index page accessed successfully
[2025-08-24 19:16:52] ACTIVITY: System Initialized - User: 2 - Details: Configuration loaded successfully
[2025-08-24 19:16:52] ACTIVITY: Dashboard Accessed - User: 2 - Details: Student dashboard loaded successfully
[2025-08-24 19:17:00] ACTIVITY: System Initialized - User: guest - Details: Configuration loaded successfully
[2025-08-24 19:17:00] ACTIVITY: Page Loaded - User: guest - Details: Index page accessed successfully
[2025-08-24 19:17:18] ACTIVITY: System Initialized - User: guest - Details: Configuration loaded successfully
[2025-08-24 19:17:18] ACTIVITY: Page Loaded - User: guest - Details: Index page accessed successfully
[2025-08-24 19:17:27] ACTIVITY: System Initialized - User: guest - Details: Configuration loaded successfully
[2025-08-24 19:17:27] ACTIVITY: Page Loaded - User: guest - Details: Index page accessed successfully
[2025-08-24 19:17:27] ACTIVITY: System Initialized - User: 1 - Details: Configuration loaded successfully
[2025-08-24 19:17:27] ACTIVITY: Dashboard Accessed - User: 1 - Details: Student dashboard loaded successfully
[2025-08-24 19:17:50] ACTIVITY: System Initialized - User: 1 - Details: Configuration loaded successfully
[2025-08-24 19:17:50] ACTIVITY: Page Loaded - User: 1 - Details: Index page accessed successfully
[2025-08-24 19:18:05] ACTIVITY: System Initialized - User: guest - Details: Configuration loaded successfully
[2025-08-24 19:18:05] ACTIVITY: Page Loaded - User: guest - Details: Index page accessed successfully
[2025-08-24 19:18:08] ACTIVITY: System Initialized - User: guest - Details: Configuration loaded successfully
[2025-08-24 19:18:08] ACTIVITY: Page Loaded - User: guest - Details: Index page accessed successfully
[2025-08-24 19:18:16] ACTIVITY: System Initialized - User: guest - Details: Configuration loaded successfully
[2025-08-24 19:18:16] ACTIVITY: Page Loaded - User: guest - Details: Index page accessed successfully
[2025-08-24 19:18:16] ACTIVITY: System Initialized - User: 1 - Details: Configuration loaded successfully
[2025-08-24 19:18:16] ACTIVITY: Dashboard Accessed - User: 1 - Details: Student dashboard loaded successfully
[2025-08-24 19:18:40] ACTIVITY: System Initialized - User: guest - Details: Configuration loaded successfully
[2025-08-24 19:18:40] ACTIVITY: Page Loaded - User: guest - Details: Index page accessed successfully
[2025-08-24 19:18:43] ACTIVITY: System Initialized - User: guest - Details: Configuration loaded successfully
[2025-08-24 19:18:43] ACTIVITY: Page Loaded - User: guest - Details: Index page accessed successfully
[2025-08-24 19:18:54] ACTIVITY: System Initialized - User: guest - Details: Configuration loaded successfully
[2025-08-24 19:18:54] ACTIVITY: Page Loaded - User: guest - Details: Index page accessed successfully
[2025-08-24 19:18:54] ACTIVITY: System Initialized - User: 4 - Details: Configuration loaded successfully
[2025-08-24 19:18:54] ACTIVITY: Page Loaded - User: 4 - Details: Index page accessed successfully
[2025-08-24 19:31:28] ACTIVITY: System Initialized - User: 4 - Details: Configuration loaded successfully
[2025-08-24 19:31:28] ACTIVITY: Page Loaded - User: 4 - Details: Index page accessed successfully
[2025-08-24 19:32:07] ACTIVITY: System Initialized - User: guest - Details: Configuration loaded successfully
[2025-08-24 19:32:07] ACTIVITY: Page Loaded - User: guest - Details: Index page accessed successfully
[2025-08-24 19:32:09] ACTIVITY: System Initialized - User: guest - Details: Configuration loaded successfully
[2025-08-24 19:32:09] ACTIVITY: Page Loaded - User: guest - Details: Index page accessed successfully
[2025-08-24 19:32:19] ACTIVITY: System Initialized - User: guest - Details: Configuration loaded successfully
[2025-08-24 19:32:19] ACTIVITY: Page Loaded - User: guest - Details: Index page accessed successfully
[2025-08-24 19:32:19] ACTIVITY: System Initialized - User: 3 - Details: Configuration loaded successfully
[2025-08-24 19:32:19] ACTIVITY: Page Loaded - User: 3 - Details: Index page accessed successfully
[2025-08-24 19:40:46] ACTIVITY: System Initialized - User: 3 - Details: Configuration loaded successfully
[2025-08-24 19:40:46] ACTIVITY: Page Loaded - User: 3 - Details: Index page accessed successfully
[2025-08-24 19:40:57] ACTIVITY: System Initialized - User: guest - Details: Configuration loaded successfully
[2025-08-24 19:40:57] ACTIVITY: Page Loaded - User: guest - Details: Index page accessed successfully
[2025-08-24 19:40:59] ACTIVITY: System Initialized - User: guest - Details: Configuration loaded successfully
[2025-08-24 19:40:59] ACTIVITY: Page Loaded - User: guest - Details: Index page accessed successfully
[2025-08-24 19:41:07] ACTIVITY: System Initialized - User: guest - Details: Configuration loaded successfully
[2025-08-24 19:41:07] ACTIVITY: Page Loaded - User: guest - Details: Index page accessed successfully
[2025-08-24 19:41:07] ACTIVITY: System Initialized - User: 4 - Details: Configuration loaded successfully
[2025-08-24 19:41:07] ACTIVITY: Page Loaded - User: 4 - Details: Index page accessed successfully
[2025-08-24 19:42:03] ACTIVITY: System Initialized - User: guest - Details: Configuration loaded successfully
[2025-08-24 19:42:03] ACTIVITY: Page Loaded - User: guest - Details: Index page accessed successfully
[2025-08-24 19:42:05] ACTIVITY: System Initialized - User: guest - Details: Configuration loaded successfully
[2025-08-24 19:42:05] ACTIVITY: Page Loaded - User: guest - Details: Index page accessed successfully
[2025-08-24 19:42:13] ACTIVITY: System Initialized - User: guest - Details: Configuration loaded successfully
[2025-08-24 19:42:13] ACTIVITY: Page Loaded - User: guest - Details: Index page accessed successfully
[2025-08-24 19:42:13] ACTIVITY: System Initialized - User: 3 - Details: Configuration loaded successfully
[2025-08-24 19:42:13] ACTIVITY: Page Loaded - User: 3 - Details: Index page accessed successfully
[2025-08-24 19:43:25] ACTIVITY: System Initialized - User: guest - Details: Configuration loaded successfully
[2025-08-24 19:43:25] ACTIVITY: Page Loaded - User: guest - Details: Index page accessed successfully
[2025-08-24 19:43:27] ACTIVITY: System Initialized - User: guest - Details: Configuration loaded successfully
[2025-08-24 19:43:27] ACTIVITY: Page Loaded - User: guest - Details: Index page accessed successfully
[2025-08-24 19:43:34] ACTIVITY: System Initialized - User: guest - Details: Configuration loaded successfully
[2025-08-24 19:43:34] ACTIVITY: Page Loaded - User: guest - Details: Index page accessed successfully
[2025-08-24 19:43:34] ACTIVITY: System Initialized - User: 4 - Details: Configuration loaded successfully
[2025-08-24 19:43:34] ACTIVITY: Page Loaded - User: 4 - Details: Index page accessed successfully
[2025-08-24 19:51:20] ACTIVITY: System Initialized - User: 4 - Details: Configuration loaded successfully
[2025-08-24 19:51:20] ACTIVITY: Page Loaded - User: 4 - Details: Index page accessed successfully
[2025-08-24 19:51:20] ACTIVITY: System Initialized - User: 4 - Details: Configuration loaded successfully
[2025-08-24 19:51:20] ACTIVITY: Page Loaded - User: 4 - Details: Index page accessed successfully
[2025-08-24 19:51:27] ACTIVITY: System Initialized - User: guest - Details: Configuration loaded successfully
[2025-08-24 19:51:27] ACTIVITY: Page Loaded - User: guest - Details: Index page accessed successfully
[2025-08-24 19:51:29] ACTIVITY: System Initialized - User: guest - Details: Configuration loaded successfully
[2025-08-24 19:51:29] ACTIVITY: Page Loaded - User: guest - Details: Index page accessed successfully
[2025-08-24 19:51:37] ACTIVITY: System Initialized - User: guest - Details: Configuration loaded successfully
[2025-08-24 19:51:37] ACTIVITY: Page Loaded - User: guest - Details: Index page accessed successfully
[2025-08-24 19:51:37] ACTIVITY: System Initialized - User: 3 - Details: Configuration loaded successfully
[2025-08-24 19:51:37] ACTIVITY: Page Loaded - User: 3 - Details: Index page accessed successfully
[2025-08-24 19:54:07] ACTIVITY: System Initialized - User: guest - Details: Configuration loaded successfully
[2025-08-24 19:54:07] ACTIVITY: Page Loaded - User: guest - Details: Index page accessed successfully
[2025-08-24 19:54:09] ACTIVITY: System Initialized - User: guest - Details: Configuration loaded successfully
[2025-08-24 19:54:09] ACTIVITY: Page Loaded - User: guest - Details: Index page accessed successfully
[2025-08-24 19:54:18] ACTIVITY: System Initialized - User: guest - Details: Configuration loaded successfully
[2025-08-24 19:54:18] ACTIVITY: Page Loaded - User: guest - Details: Index page accessed successfully
[2025-08-24 19:54:18] ACTIVITY: System Initialized - User: 1 - Details: Configuration loaded successfully
[2025-08-24 19:54:18] ACTIVITY: Dashboard Accessed - User: 1 - Details: Student dashboard loaded successfully
[2025-08-24 19:54:22] ACTIVITY: System Initialized - User: 1 - Details: Configuration loaded successfully
[2025-08-24 19:54:22] ACTIVITY: Page Loaded - User: 1 - Details: Index page accessed successfully
[2025-08-24 19:54:27] ACTIVITY: System Initialized - User: 1 - Details: Configuration loaded successfully
[2025-08-24 19:54:27] ACTIVITY: Page Loaded - User: 1 - Details: Index page accessed successfully
[2025-08-24 19:54:31] ACTIVITY: System Initialized - User: 1 - Details: Configuration loaded successfully
[2025-08-24 19:54:31] ACTIVITY: Page Loaded - User: 1 - Details: Index page accessed successfully
[2025-08-25 09:21:20] ACTIVITY: System Initialized - User: guest - Details: Configuration loaded successfully
[2025-08-25 09:21:20] ACTIVITY: Page Loaded - User: guest - Details: Index page accessed successfully
[2025-08-25 09:21:36] ACTIVITY: System Initialized - User: guest - Details: Configuration loaded successfully
[2025-08-25 09:21:36] ACTIVITY: Page Loaded - User: guest - Details: Index page accessed successfully
[2025-08-25 09:21:36] ACTIVITY: System Initialized - User: 4 - Details: Configuration loaded successfully
[2025-08-25 09:21:36] ACTIVITY: Page Loaded - User: 4 - Details: Index page accessed successfully
[2025-08-25 09:21:51] ACTIVITY: System Initialized - User: 4 - Details: Configuration loaded successfully
[2025-08-25 09:21:51] ACTIVITY: Page Loaded - User: 4 - Details: Index page accessed successfully
[2025-08-25 09:22:00] ACTIVITY: System Initialized - User: 4 - Details: Configuration loaded successfully
[2025-08-25 09:22:00] ACTIVITY: Page Loaded - User: 4 - Details: Index page accessed successfully
[2025-08-25 09:22:16] ACTIVITY: System Initialized - User: 4 - Details: Configuration loaded successfully
[2025-08-25 09:22:16] ACTIVITY: Page Loaded - User: 4 - Details: Index page accessed successfully
[2025-08-25 09:25:17] ACTIVITY: System Initialized - User: 4 - Details: Configuration loaded successfully
[2025-08-25 09:25:17] ACTIVITY: Page Loaded - User: 4 - Details: Index page accessed successfully
[2025-08-25 09:26:37] ACTIVITY: System Initialized - User: 4 - Details: Configuration loaded successfully
[2025-08-25 09:26:37] ACTIVITY: Page Loaded - User: 4 - Details: Index page accessed successfully
[2025-08-25 09:26:48] ACTIVITY: System Initialized - User: 4 - Details: Configuration loaded successfully
[2025-08-25 09:26:48] ACTIVITY: Page Loaded - User: 4 - Details: Index page accessed successfully
[2025-08-25 09:27:43] ACTIVITY: System Initialized - User: 4 - Details: Configuration loaded successfully
[2025-08-25 09:27:43] ACTIVITY: Page Loaded - User: 4 - Details: Index page accessed successfully
[2025-08-25 09:28:00] ACTIVITY: System Initialized - User: 4 - Details: Configuration loaded successfully
[2025-08-25 09:28:00] ACTIVITY: Page Loaded - User: 4 - Details: Index page accessed successfully
[2025-08-25 09:28:25] ACTIVITY: System Initialized - User: 4 - Details: Configuration loaded successfully
[2025-08-25 09:28:25] ACTIVITY: Page Loaded - User: 4 - Details: Index page accessed successfully
[2025-08-25 09:28:50] ACTIVITY: System Initialized - User: 4 - Details: Configuration loaded successfully
[2025-08-25 09:28:50] ACTIVITY: Page Loaded - User: 4 - Details: Index page accessed successfully
[2025-08-25 09:29:35] ACTIVITY: System Initialized - User: 4 - Details: Configuration loaded successfully
[2025-08-25 09:29:35] ACTIVITY: Page Loaded - User: 4 - Details: Index page accessed successfully
[2025-08-25 09:30:18] ACTIVITY: System Initialized - User: 4 - Details: Configuration loaded successfully
[2025-08-25 09:30:18] ACTIVITY: Page Loaded - User: 4 - Details: Index page accessed successfully
[2025-08-25 09:31:03] ACTIVITY: System Initialized - User: 4 - Details: Configuration loaded successfully
[2025-08-25 09:31:03] ACTIVITY: Page Loaded - User: 4 - Details: Index page accessed successfully
[2025-08-25 09:31:25] ACTIVITY: System Initialized - User: 4 - Details: Configuration loaded successfully
[2025-08-25 09:31:25] ACTIVITY: Page Loaded - User: 4 - Details: Index page accessed successfully
[2025-08-25 09:31:37] ACTIVITY: System Initialized - User: guest - Details: Configuration loaded successfully
[2025-08-25 09:31:37] ACTIVITY: Page Loaded - User: guest - Details: Index page accessed successfully
[2025-08-25 09:31:40] ACTIVITY: System Initialized - User: guest - Details: Configuration loaded successfully
[2025-08-25 09:31:40] ACTIVITY: Page Loaded - User: guest - Details: Index page accessed successfully
[2025-08-25 09:31:47] ACTIVITY: System Initialized - User: guest - Details: Configuration loaded successfully
[2025-08-25 09:31:47] ACTIVITY: Page Loaded - User: guest - Details: Index page accessed successfully
[2025-08-25 09:31:47] ACTIVITY: System Initialized - User: 3 - Details: Configuration loaded successfully
[2025-08-25 09:31:47] ACTIVITY: Page Loaded - User: 3 - Details: Index page accessed successfully
[2025-08-25 09:32:14] ACTIVITY: System Initialized - User: guest - Details: Configuration loaded successfully
[2025-08-25 09:32:14] ACTIVITY: Page Loaded - User: guest - Details: Index page accessed successfully
[2025-08-25 09:32:16] ACTIVITY: System Initialized - User: guest - Details: Configuration loaded successfully
[2025-08-25 09:32:16] ACTIVITY: Page Loaded - User: guest - Details: Index page accessed successfully
[2025-08-25 10:01:59] ACTIVITY: System Initialized - User: guest - Details: Configuration loaded successfully
[2025-08-25 10:01:59] ACTIVITY: Page Loaded - User: guest - Details: Index page accessed successfully
[2025-08-25 10:02:01] ACTIVITY: System Initialized - User: guest - Details: Configuration loaded successfully
[2025-08-25 10:02:01] ACTIVITY: Page Loaded - User: guest - Details: Index page accessed successfully
[2025-08-25 10:02:09] ACTIVITY: System Initialized - User: guest - Details: Configuration loaded successfully
[2025-08-25 10:02:09] ACTIVITY: Page Loaded - User: guest - Details: Index page accessed successfully
[2025-08-25 10:02:09] ACTIVITY: System Initialized - User: 3 - Details: Configuration loaded successfully
[2025-08-25 10:02:09] ACTIVITY: Page Loaded - User: 3 - Details: Index page accessed successfully
[2025-08-25 10:02:15] ACTIVITY: System Initialized - User: guest - Details: Configuration loaded successfully
[2025-08-25 10:02:15] ACTIVITY: Page Loaded - User: guest - Details: Index page accessed successfully
[2025-08-25 10:02:20] ACTIVITY: System Initialized - User: guest - Details: Configuration loaded successfully
[2025-08-25 10:02:20] ACTIVITY: Page Loaded - User: guest - Details: Index page accessed successfully
[2025-08-25 10:02:25] ACTIVITY: System Initialized - User: guest - Details: Configuration loaded successfully
[2025-08-25 10:02:25] ACTIVITY: Page Loaded - User: guest - Details: Index page accessed successfully
[2025-08-25 10:02:25] ACTIVITY: System Initialized - User: 6 - Details: Configuration loaded successfully
[2025-08-25 10:02:25] ACTIVITY: Dashboard Accessed - User: 6 - Details: Student dashboard loaded successfully
[2025-08-25 10:03:02] ACTIVITY: System Initialized - User: 6 - Details: Configuration loaded successfully
[2025-08-25 10:03:02] ACTIVITY: Page Loaded - User: 6 - Details: Index page accessed successfully
[2025-08-25 10:03:53] ACTIVITY: System Initialized - User: 6 - Details: Configuration loaded successfully
[2025-08-25 10:03:53] ACTIVITY: Page Loaded - User: 6 - Details: Index page accessed successfully
[2025-08-25 10:06:25] ACTIVITY: System Initialized - User: guest - Details: Configuration loaded successfully
[2025-08-25 10:06:25] ACTIVITY: Page Loaded - User: guest - Details: Index page accessed successfully
[2025-08-25 10:06:32] ACTIVITY: System Initialized - User: guest - Details: Configuration loaded successfully
[2025-08-25 10:06:32] ACTIVITY: Page Loaded - User: guest - Details: Index page accessed successfully
[2025-08-25 10:06:32] ACTIVITY: System Initialized - User: 1 - Details: Configuration loaded successfully
[2025-08-25 10:06:32] ACTIVITY: Dashboard Accessed - User: 1 - Details: Student dashboard loaded successfully
[2025-08-25 10:06:44] ACTIVITY: System Initialized - User: 1 - Details: Configuration loaded successfully
[2025-08-25 10:06:44] ACTIVITY: Page Loaded - User: 1 - Details: Index page accessed successfully
[2025-08-25 10:13:14] ACTIVITY: System Initialized - User: guest - Details: Configuration loaded successfully
[2025-08-25 10:13:14] ACTIVITY: Page Loaded - User: guest - Details: Index page accessed successfully
[2025-08-25 10:26:15] ACTIVITY: System Initialized - User: guest - Details: Configuration loaded successfully
[2025-08-25 10:26:15] ACTIVITY: Page Loaded - User: guest - Details: Index page accessed successfully
[2025-08-25 10:26:22] ACTIVITY: System Initialized - User: guest - Details: Configuration loaded successfully
[2025-08-25 10:26:22] ACTIVITY: Page Loaded - User: guest - Details: Index page accessed successfully
[2025-08-25 10:26:22] ACTIVITY: System Initialized - User: 3 - Details: Configuration loaded successfully
[2025-08-25 10:26:22] ACTIVITY: Page Loaded - User: 3 - Details: Index page accessed successfully
[2025-08-25 10:40:10] ACTIVITY: System Initialized - User: 3 - Details: Configuration loaded successfully
[2025-08-25 10:40:10] ACTIVITY: Page Loaded - User: 3 - Details: Index page accessed successfully
[2025-08-25 10:40:16] ACTIVITY: System Initialized - User: 3 - Details: Configuration loaded successfully
[2025-08-25 10:40:16] ACTIVITY: Page Loaded - User: 3 - Details: Index page accessed successfully
[2025-08-25 10:40:22] ACTIVITY: System Initialized - User: 3 - Details: Configuration loaded successfully
[2025-08-25 10:40:22] ACTIVITY: Page Loaded - User: 3 - Details: Index page accessed successfully
[2025-08-25 10:40:30] ACTIVITY: System Initialized - User: 3 - Details: Configuration loaded successfully
[2025-08-25 10:40:30] ACTIVITY: Page Loaded - User: 3 - Details: Index page accessed successfully
[2025-08-25 10:40:35] ACTIVITY: System Initialized - User: guest - Details: Configuration loaded successfully
[2025-08-25 10:40:35] ACTIVITY: Page Loaded - User: guest - Details: Index page accessed successfully
[2025-08-25 10:40:37] ACTIVITY: System Initialized - User: guest - Details: Configuration loaded successfully
[2025-08-25 10:40:37] ACTIVITY: Page Loaded - User: guest - Details: Index page accessed successfully
[2025-08-25 10:40:43] ACTIVITY: System Initialized - User: guest - Details: Configuration loaded successfully
[2025-08-25 10:40:43] ACTIVITY: Page Loaded - User: guest - Details: Index page accessed successfully
[2025-08-25 10:40:43] ACTIVITY: System Initialized - User: 3 - Details: Configuration loaded successfully
[2025-08-25 10:40:43] ACTIVITY: Page Loaded - User: 3 - Details: Index page accessed successfully
[2025-08-25 10:51:33] ACTIVITY: System Initialized - User: 3 - Details: Configuration loaded successfully
[2025-08-25 10:51:33] ACTIVITY: Page Loaded - User: 3 - Details: Index page accessed successfully
[2025-08-25 11:06:46] ACTIVITY: System Initialized - User: 3 - Details: Configuration loaded successfully
[2025-08-25 11:07:09] ACTIVITY: System Initialized - User: 3 - Details: Configuration loaded successfully
[2025-08-25 11:12:54] ACTIVITY: System Initialized - User: guest - Details: Configuration loaded successfully
[2025-08-25 11:12:54] ACTIVITY: Page Loaded - User: guest - Details: Index page accessed successfully
[2025-08-25 11:12:56] ACTIVITY: System Initialized - User: guest - Details: Configuration loaded successfully
[2025-08-25 11:12:56] ACTIVITY: Page Loaded - User: guest - Details: Index page accessed successfully
[2025-08-25 11:13:06] ACTIVITY: System Initialized - User: guest - Details: Configuration loaded successfully
[2025-08-25 11:13:06] ACTIVITY: Page Loaded - User: guest - Details: Index page accessed successfully
[2025-08-25 11:13:06] ACTIVITY: System Initialized - User: 1 - Details: Configuration loaded successfully
[2025-08-25 11:13:06] ACTIVITY: Dashboard Accessed - User: 1 - Details: Student dashboard loaded successfully
[2025-08-25 11:13:13] ACTIVITY: System Initialized - User: 1 - Details: Configuration loaded successfully
[2025-08-25 11:13:13] ACTIVITY: Page Loaded - User: 1 - Details: Index page accessed successfully
[2025-08-25 11:13:26] ACTIVITY: System Initialized - User: guest - Details: Configuration loaded successfully
[2025-08-25 11:13:26] ACTIVITY: Page Loaded - User: guest - Details: Index page accessed successfully
[2025-08-25 11:20:21] ACTIVITY: System Initialized - User: guest - Details: Configuration loaded successfully
[2025-08-25 11:20:21] ACTIVITY: Page Loaded - User: guest - Details: Index page accessed successfully
[2025-08-25 11:20:27] ACTIVITY: System Initialized - User: guest - Details: Configuration loaded successfully
[2025-08-25 11:20:27] ACTIVITY: Page Loaded - User: guest - Details: Index page accessed successfully
[2025-08-25 11:20:40] ACTIVITY: System Initialized - User: guest - Details: Configuration loaded successfully
[2025-08-25 11:20:40] ACTIVITY: Page Loaded - User: guest - Details: Index page accessed successfully
[2025-08-25 11:20:40] ACTIVITY: System Initialized - User: 4 - Details: Configuration loaded successfully
[2025-08-25 11:20:46] ACTIVITY: System Initialized - User: 4 - Details: Configuration loaded successfully
[2025-08-25 11:20:46] ACTIVITY: Page Loaded - User: 4 - Details: Index page accessed successfully
[2025-08-25 11:21:11] ACTIVITY: System Initialized - User: guest - Details: Configuration loaded successfully
[2025-08-25 11:21:11] ACTIVITY: Page Loaded - User: guest - Details: Index page accessed successfully
[2025-08-25 11:21:29] ACTIVITY: System Initialized - User: guest - Details: Configuration loaded successfully
[2025-08-25 11:21:29] ACTIVITY: Page Loaded - User: guest - Details: Index page accessed successfully
[2025-08-25 11:21:29] ACTIVITY: System Initialized - User: guest - Details: Configuration loaded successfully
[2025-08-25 11:21:29] ACTIVITY: Page Loaded - User: guest - Details: Index page accessed successfully
[2025-08-25 11:21:30] ACTIVITY: System Initialized - User: guest - Details: Configuration loaded successfully
[2025-08-25 11:21:30] ACTIVITY: Page Loaded - User: guest - Details: Index page accessed successfully
[2025-08-25 11:21:30] ACTIVITY: System Initialized - User: guest - Details: Configuration loaded successfully
[2025-08-25 11:21:30] ACTIVITY: Page Loaded - User: guest - Details: Index page accessed successfully
[2025-08-25 11:21:30] ACTIVITY: System Initialized - User: guest - Details: Configuration loaded successfully
[2025-08-25 11:21:30] ACTIVITY: Page Loaded - User: guest - Details: Index page accessed successfully
[2025-08-25 11:21:30] ACTIVITY: System Initialized - User: guest - Details: Configuration loaded successfully
[2025-08-25 11:21:30] ACTIVITY: Page Loaded - User: guest - Details: Index page accessed successfully
[2025-08-25 11:21:31] ACTIVITY: System Initialized - User: guest - Details: Configuration loaded successfully
[2025-08-25 11:21:31] ACTIVITY: Page Loaded - User: guest - Details: Index page accessed successfully
[2025-08-25 11:21:31] ACTIVITY: System Initialized - User: guest - Details: Configuration loaded successfully
[2025-08-25 11:21:31] ACTIVITY: Page Loaded - User: guest - Details: Index page accessed successfully
[2025-08-25 11:21:59] ACTIVITY: System Initialized - User: guest - Details: Configuration loaded successfully
[2025-08-25 11:21:59] ACTIVITY: Page Loaded - User: guest - Details: Index page accessed successfully
[2025-08-25 11:22:05] ACTIVITY: System Initialized - User: guest - Details: Configuration loaded successfully
[2025-08-25 11:22:05] ACTIVITY: Page Loaded - User: guest - Details: Index page accessed successfully
[2025-08-25 11:22:05] ACTIVITY: System Initialized - User: 3 - Details: Configuration loaded successfully
[2025-08-25 11:22:53] ACTIVITY: System Initialized - User: 3 - Details: Configuration loaded successfully
[2025-08-25 11:22:53] ACTIVITY: Page Loaded - User: 3 - Details: Index page accessed successfully
[2025-08-25 11:23:05] ACTIVITY: System Initialized - User: 3 - Details: Configuration loaded successfully
[2025-08-25 11:29:13] ACTIVITY: System Initialized - User: guest - Details: Configuration loaded successfully
[2025-08-25 11:29:13] ACTIVITY: Page Loaded - User: guest - Details: Index page accessed successfully
[2025-08-25 11:29:16] ACTIVITY: System Initialized - User: guest - Details: Configuration loaded successfully
[2025-08-25 11:29:47] ACTIVITY: System Initialized - User: guest - Details: Configuration loaded successfully
[2025-08-25 11:29:47] ACTIVITY: Page Loaded - User: guest - Details: Index page accessed successfully
[2025-08-25 11:29:47] ACTIVITY: System Initialized - User: guest - Details: Configuration loaded successfully
[2025-08-25 11:29:47] ACTIVITY: Page Loaded - User: guest - Details: Index page accessed successfully
[2025-08-25 11:29:47] ACTIVITY: System Initialized - User: guest - Details: Configuration loaded successfully
[2025-08-25 11:29:47] ACTIVITY: Page Loaded - User: guest - Details: Index page accessed successfully
[2025-08-25 11:29:55] ACTIVITY: System Initialized - User: guest - Details: Configuration loaded successfully
[2025-08-25 11:29:55] ACTIVITY: Page Loaded - User: guest - Details: Index page accessed successfully
[2025-08-25 11:29:55] ACTIVITY: System Initialized - User: 3 - Details: Configuration loaded successfully
[2025-08-25 11:43:28] ACTIVITY: System Initialized - User: 3 - Details: Configuration loaded successfully
[2025-08-25 11:44:17] ACTIVITY: System Initialized - User: 3 - Details: Configuration loaded successfully
[2025-08-25 11:44:29] ACTIVITY: System Initialized - User: 3 - Details: Configuration loaded successfully
[2025-08-25 11:46:50] ACTIVITY: System Initialized - User: 3 - Details: Configuration loaded successfully
[2025-08-25 11:47:26] ACTIVITY: System Initialized - User: 3 - Details: Configuration loaded successfully
[2025-08-25 11:50:25] ACTIVITY: System Initialized - User: 3 - Details: Configuration loaded successfully
[2025-08-25 11:50:35] ACTIVITY: System Initialized - User: 3 - Details: Configuration loaded successfully
[2025-08-25 11:50:53] ACTIVITY: System Initialized - User: 3 - Details: Configuration loaded successfully
[2025-08-25 11:51:03] ACTIVITY: System Initialized - User: 3 - Details: Configuration loaded successfully
[2025-08-25 11:53:06] ACTIVITY: System Initialized - User: 3 - Details: Configuration loaded successfully
[2025-08-25 11:53:18] ACTIVITY: System Initialized - User: 3 - Details: Configuration loaded successfully
[2025-08-25 11:53:28] ACTIVITY: System Initialized - User: 3 - Details: Configuration loaded successfully
[2025-08-25 11:54:13] ACTIVITY: System Initialized - User: guest - Details: Configuration loaded successfully
[2025-08-25 11:54:13] ACTIVITY: Page Loaded - User: guest - Details: Index page accessed successfully
[2025-08-25 11:54:21] ACTIVITY: System Initialized - User: guest - Details: Configuration loaded successfully
[2025-08-25 11:54:21] ACTIVITY: Page Loaded - User: guest - Details: Index page accessed successfully
[2025-08-25 11:54:31] ACTIVITY: System Initialized - User: guest - Details: Configuration loaded successfully
[2025-08-25 11:54:31] ACTIVITY: Page Loaded - User: guest - Details: Index page accessed successfully
[2025-08-25 11:54:40] ACTIVITY: System Initialized - User: guest - Details: Configuration loaded successfully
[2025-08-25 11:54:40] ACTIVITY: Page Loaded - User: guest - Details: Index page accessed successfully
[2025-08-25 11:54:40] ACTIVITY: System Initialized - User: 3 - Details: Configuration loaded successfully
[2025-08-25 11:54:44] ACTIVITY: System Initialized - User: guest - Details: Configuration loaded successfully
[2025-08-25 11:54:44] ACTIVITY: Page Loaded - User: guest - Details: Index page accessed successfully
[2025-08-25 11:54:58] ACTIVITY: System Initialized - User: guest - Details: Configuration loaded successfully
[2025-08-25 11:54:58] ACTIVITY: Page Loaded - User: guest - Details: Index page accessed successfully
[2025-08-25 11:55:14] ACTIVITY: System Initialized - User: guest - Details: Configuration loaded successfully
[2025-08-25 11:55:14] ACTIVITY: Page Loaded - User: guest - Details: Index page accessed successfully
[2025-08-25 11:55:14] ACTIVITY: System Initialized - User: 3 - Details: Configuration loaded successfully
[2025-08-25 11:55:19] ACTIVITY: System Initialized - User: guest - Details: Configuration loaded successfully
[2025-08-25 11:55:19] ACTIVITY: Page Loaded - User: guest - Details: Index page accessed successfully
[2025-08-25 11:55:40] ACTIVITY: System Initialized - User: guest - Details: Configuration loaded successfully
[2025-08-25 11:55:40] ACTIVITY: Page Loaded - User: guest - Details: Index page accessed successfully
[2025-08-25 11:55:51] ACTIVITY: System Initialized - User: guest - Details: Configuration loaded successfully
[2025-08-25 11:55:51] ACTIVITY: Page Loaded - User: guest - Details: Index page accessed successfully
[2025-08-25 11:55:51] ACTIVITY: System Initialized - User: 3 - Details: Configuration loaded successfully
[2025-08-25 11:55:55] ACTIVITY: System Initialized - User: guest - Details: Configuration loaded successfully
[2025-08-25 11:55:55] ACTIVITY: Page Loaded - User: guest - Details: Index page accessed successfully
[2025-08-25 11:56:20] ACTIVITY: System Initialized - User: guest - Details: Configuration loaded successfully
[2025-08-25 11:56:20] ACTIVITY: Page Loaded - User: guest - Details: Index page accessed successfully
[2025-08-25 11:56:27] ACTIVITY: System Initialized - User: guest - Details: Configuration loaded successfully
[2025-08-25 11:56:27] ACTIVITY: Page Loaded - User: guest - Details: Index page accessed successfully
[2025-08-25 11:56:27] ACTIVITY: System Initialized - User: 3 - Details: Configuration loaded successfully
[2025-08-25 11:56:32] ACTIVITY: System Initialized - User: guest - Details: Configuration loaded successfully
[2025-08-25 11:56:32] ACTIVITY: Page Loaded - User: guest - Details: Index page accessed successfully
[2025-08-25 13:31:09] ACTIVITY: System Initialized - User: guest - Details: Configuration loaded successfully
[2025-08-25 13:31:09] ACTIVITY: Page Loaded - User: guest - Details: Index page accessed successfully
[2025-08-25 13:31:16] ACTIVITY: System Initialized - User: guest - Details: Configuration loaded successfully
[2025-08-25 13:31:16] ACTIVITY: Page Loaded - User: guest - Details: Index page accessed successfully
[2025-08-25 13:31:16] ACTIVITY: System Initialized - User: 3 - Details: Configuration loaded successfully
[2025-08-25 13:32:49] ACTIVITY: System Initialized - User: 3 - Details: Configuration loaded successfully
[2025-08-25 13:32:49] ACTIVITY: System Initialized - User: 3 - Details: Configuration loaded successfully
[2025-08-25 13:32:49] ACTIVITY: System Initialized - User: 3 - Details: Configuration loaded successfully
[2025-08-25 13:32:51] ACTIVITY: System Initialized - User: 3 - Details: Configuration loaded successfully
[2025-08-25 13:33:07] ACTIVITY: System Initialized - User: 3 - Details: Configuration loaded successfully
[2025-08-25 13:33:37] ACTIVITY: System Initialized - User: 3 - Details: Configuration loaded successfully
[2025-08-25 13:33:37] ACTIVITY: System Initialized - User: 3 - Details: Configuration loaded successfully
[2025-08-25 13:33:37] ACTIVITY: System Initialized - User: 3 - Details: Configuration loaded successfully
[2025-08-25 13:33:40] ACTIVITY: System Initialized - User: 3 - Details: Configuration loaded successfully
[2025-08-25 13:33:50] ACTIVITY: System Initialized - User: guest - Details: Configuration loaded successfully
[2025-08-25 13:33:50] ACTIVITY: Page Loaded - User: guest - Details: Index page accessed successfully
[2025-08-25 13:43:11] ACTIVITY: System Initialized - User: guest - Details: Configuration loaded successfully
[2025-08-25 13:43:11] ACTIVITY: Page Loaded - User: guest - Details: Index page accessed successfully
[2025-08-25 13:53:03] ACTIVITY: System Initialized - User: guest - Details: Configuration loaded successfully
[2025-08-25 13:53:03] ACTIVITY: Page Loaded - User: guest - Details: Index page accessed successfully
[2025-08-25 13:53:07] ACTIVITY: System Initialized - User: guest - Details: Configuration loaded successfully
[2025-08-25 13:53:07] ACTIVITY: Page Loaded - User: guest - Details: Index page accessed successfully
[2025-08-25 13:53:18] ACTIVITY: System Initialized - User: guest - Details: Configuration loaded successfully
[2025-08-25 13:53:18] ACTIVITY: Page Loaded - User: guest - Details: Index page accessed successfully
[2025-08-25 13:53:18] ACTIVITY: System Initialized - User: 3 - Details: Configuration loaded successfully
[2025-08-25 13:53:28] ACTIVITY: System Initialized - User: guest - Details: Configuration loaded successfully
[2025-08-25 13:53:28] ACTIVITY: Page Loaded - User: guest - Details: Index page accessed successfully
[2025-08-25 13:53:33] ACTIVITY: System Initialized - User: guest - Details: Configuration loaded successfully
[2025-08-25 13:53:33] ACTIVITY: Page Loaded - User: guest - Details: Index page accessed successfully
[2025-08-25 13:53:40] ACTIVITY: System Initialized - User: guest - Details: Configuration loaded successfully
[2025-08-25 13:53:40] ACTIVITY: Page Loaded - User: guest - Details: Index page accessed successfully
[2025-08-25 13:53:40] ACTIVITY: System Initialized - User: 6 - Details: Configuration loaded successfully
[2025-08-25 13:53:40] ACTIVITY: Dashboard Accessed - User: 6 - Details: Student dashboard loaded successfully
[2025-08-25 13:53:49] ACTIVITY: System Initialized - User: 6 - Details: Configuration loaded successfully
[2025-08-25 13:53:49] ACTIVITY: Page Loaded - User: 6 - Details: Index page accessed successfully
[2025-08-25 13:56:17] ACTIVITY: System Initialized - User: 6 - Details: Configuration loaded successfully
[2025-08-25 13:56:17] ACTIVITY: Page Loaded - User: 6 - Details: Index page accessed successfully
[2025-08-25 13:56:42] ACTIVITY: System Initialized - User: 6 - Details: Configuration loaded successfully
[2025-08-25 13:56:42] ACTIVITY: Page Loaded - User: 6 - Details: Index page accessed successfully
[2025-08-25 13:56:48] ACTIVITY: System Initialized - User: 6 - Details: Configuration loaded successfully
[2025-08-25 13:56:48] ACTIVITY: Page Loaded - User: 6 - Details: Index page accessed successfully
[2025-08-25 13:56:52] ACTIVITY: System Initialized - User: 6 - Details: Configuration loaded successfully
[2025-08-25 13:56:52] ACTIVITY: Page Loaded - User: 6 - Details: Index page accessed successfully
[2025-08-25 13:56:56] ACTIVITY: System Initialized - User: 6 - Details: Configuration loaded successfully
[2025-08-25 13:56:56] ACTIVITY: Page Loaded - User: 6 - Details: Index page accessed successfully
[2025-08-25 13:57:01] ACTIVITY: System Initialized - User: 6 - Details: Configuration loaded successfully
[2025-08-25 13:57:01] ACTIVITY: Page Loaded - User: 6 - Details: Index page accessed successfully
[2025-08-25 13:57:41] ACTIVITY: System Initialized - User: 6 - Details: Configuration loaded successfully
[2025-08-25 13:57:41] ACTIVITY: Page Loaded - User: 6 - Details: Index page accessed successfully
[2025-08-25 13:57:47] ACTIVITY: System Initialized - User: 6 - Details: Configuration loaded successfully
[2025-08-25 13:57:47] ACTIVITY: Page Loaded - User: 6 - Details: Index page accessed successfully
[2025-08-25 14:01:03] ACTIVITY: System Initialized - User: 6 - Details: Configuration loaded successfully
[2025-08-25 14:01:03] ACTIVITY: Page Loaded - User: 6 - Details: Index page accessed successfully
[2025-08-25 14:01:05] ACTIVITY: System Initialized - User: 6 - Details: Configuration loaded successfully
[2025-08-25 14:01:05] ACTIVITY: Page Loaded - User: 6 - Details: Index page accessed successfully
[2025-08-25 14:01:08] ACTIVITY: System Initialized - User: 6 - Details: Configuration loaded successfully
[2025-08-25 14:01:08] ACTIVITY: Page Loaded - User: 6 - Details: Index page accessed successfully
[2025-08-25 14:01:09] ACTIVITY: System Initialized - User: 6 - Details: Configuration loaded successfully
[2025-08-25 14:01:09] ACTIVITY: Page Loaded - User: 6 - Details: Index page accessed successfully
[2025-08-25 14:01:09] ACTIVITY: System Initialized - User: 6 - Details: Configuration loaded successfully
[2025-08-25 14:01:09] ACTIVITY: Page Loaded - User: 6 - Details: Index page accessed successfully
[2025-08-25 14:01:11] ACTIVITY: System Initialized - User: 6 - Details: Configuration loaded successfully
[2025-08-25 14:01:11] ACTIVITY: Page Loaded - User: 6 - Details: Index page accessed successfully
[2025-08-25 14:01:14] ACTIVITY: System Initialized - User: 6 - Details: Configuration loaded successfully
[2025-08-25 14:01:14] ACTIVITY: Page Loaded - User: 6 - Details: Index page accessed successfully
[2025-08-25 14:01:28] ACTIVITY: System Initialized - User: 6 - Details: Configuration loaded successfully
[2025-08-25 14:01:28] ACTIVITY: Page Loaded - User: 6 - Details: Index page accessed successfully
[2025-08-25 14:01:58] ACTIVITY: System Initialized - User: 6 - Details: Configuration loaded successfully
[2025-08-25 14:01:58] ACTIVITY: Page Loaded - User: 6 - Details: Index page accessed successfully
[2025-08-25 14:02:09] ACTIVITY: System Initialized - User: guest - Details: Configuration loaded successfully
[2025-08-25 14:02:09] ACTIVITY: Page Loaded - User: guest - Details: Index page accessed successfully
[2025-08-25 14:02:12] ACTIVITY: System Initialized - User: guest - Details: Configuration loaded successfully
[2025-08-25 14:02:12] ACTIVITY: Page Loaded - User: guest - Details: Index page accessed successfully
[2025-08-25 14:02:25] ACTIVITY: System Initialized - User: guest - Details: Configuration loaded successfully
[2025-08-25 14:02:25] ACTIVITY: Page Loaded - User: guest - Details: Index page accessed successfully
[2025-08-25 14:02:25] ACTIVITY: System Initialized - User: 3 - Details: Configuration loaded successfully
[2025-08-25 14:03:33] ACTIVITY: System Initialized - User: 3 - Details: Configuration loaded successfully
[2025-08-25 14:03:33] ACTIVITY: Page Loaded - User: 3 - Details: Index page accessed successfully
[2025-08-25 14:03:38] ACTIVITY: System Initialized - User: guest - Details: Configuration loaded successfully
[2025-08-25 14:03:38] ACTIVITY: Page Loaded - User: guest - Details: Index page accessed successfully
[2025-08-25 14:03:40] ACTIVITY: System Initialized - User: guest - Details: Configuration loaded successfully
[2025-08-25 14:03:40] ACTIVITY: Page Loaded - User: guest - Details: Index page accessed successfully
[2025-08-25 14:03:49] ACTIVITY: System Initialized - User: guest - Details: Configuration loaded successfully
[2025-08-25 14:03:49] ACTIVITY: Page Loaded - User: guest - Details: Index page accessed successfully
[2025-08-25 14:03:51] ACTIVITY: System Initialized - User: 4 - Details: Configuration loaded successfully
[2025-08-25 14:09:32] ACTIVITY: System Initialized - User: 4 - Details: Configuration loaded successfully
[2025-08-25 14:15:23] ACTIVITY: System Initialized - User: 4 - Details: Configuration loaded successfully
[2025-08-25 14:18:49] ACTIVITY: System Initialized - User: 4 - Details: Configuration loaded successfully
[2025-08-25 14:32:18] ACTIVITY: System Initialized - User: guest - Details: Configuration loaded successfully
[2025-08-25 14:32:18] ACTIVITY: Page Loaded - User: guest - Details: Index page accessed successfully
[2025-08-25 14:32:20] ACTIVITY: System Initialized - User: guest - Details: Configuration loaded successfully
[2025-08-25 14:32:20] ACTIVITY: Page Loaded - User: guest - Details: Index page accessed successfully
[2025-08-25 14:32:31] ACTIVITY: System Initialized - User: guest - Details: Configuration loaded successfully
[2025-08-25 14:32:31] ACTIVITY: Page Loaded - User: guest - Details: Index page accessed successfully
[2025-08-25 14:32:31] ACTIVITY: System Initialized - User: 3 - Details: Configuration loaded successfully
[2025-08-25 14:33:13] ACTIVITY: System Initialized - User: 3 - Details: Configuration loaded successfully
[2025-08-25 14:37:23] ACTIVITY: System Initialized - User: 3 - Details: Configuration loaded successfully
[2025-08-25 14:38:29] ACTIVITY: System Initialized - User: 3 - Details: Configuration loaded successfully
[2025-08-25 14:38:41] ACTIVITY: System Initialized - User: 3 - Details: Configuration loaded successfully
[2025-08-25 14:38:41] ACTIVITY: Page Loaded - User: 3 - Details: Index page accessed successfully
[2025-08-25 14:38:47] ACTIVITY: System Initialized - User: guest - Details: Configuration loaded successfully
[2025-08-25 14:38:47] ACTIVITY: Page Loaded - User: guest - Details: Index page accessed successfully
[2025-08-25 14:38:49] ACTIVITY: System Initialized - User: guest - Details: Configuration loaded successfully
[2025-08-25 14:38:49] ACTIVITY: Page Loaded - User: guest - Details: Index page accessed successfully
[2025-08-25 14:39:00] ACTIVITY: System Initialized - User: guest - Details: Configuration loaded successfully
[2025-08-25 14:39:00] ACTIVITY: Page Loaded - User: guest - Details: Index page accessed successfully
[2025-08-25 14:39:00] ACTIVITY: System Initialized - User: 3 - Details: Configuration loaded successfully
[2025-08-25 14:39:28] ACTIVITY: System Initialized - User: 3 - Details: Configuration loaded successfully
[2025-08-25 15:04:43] ACTIVITY: System Initialized - User: guest - Details: Configuration loaded successfully
[2025-08-25 15:04:43] ACTIVITY: Page Loaded - User: guest - Details: Index page accessed successfully
[2025-08-25 15:05:11] ACTIVITY: System Initialized - User: guest - Details: Configuration loaded successfully
[2025-08-25 15:05:11] ACTIVITY: Page Loaded - User: guest - Details: Index page accessed successfully
[2025-08-25 15:05:12] ACTIVITY: System Initialized - User: 3 - Details: Configuration loaded successfully
[2025-08-25 15:06:03] ACTIVITY: System Initialized - User: 3 - Details: Configuration loaded successfully
[2025-08-25 15:07:28] ACTIVITY: System Initialized - User: 3 - Details: Configuration loaded successfully
[2025-08-25 15:09:14] ACTIVITY: System Initialized - User: 3 - Details: Configuration loaded successfully
[2025-08-25 15:09:14] ACTIVITY: Page Loaded - User: 3 - Details: Index page accessed successfully
[2025-08-25 15:09:19] ACTIVITY: System Initialized - User: guest - Details: Configuration loaded successfully
[2025-08-25 15:09:19] ACTIVITY: Page Loaded - User: guest - Details: Index page accessed successfully
[2025-08-25 15:09:21] ACTIVITY: System Initialized - User: guest - Details: Configuration loaded successfully
[2025-08-25 15:09:21] ACTIVITY: Page Loaded - User: guest - Details: Index page accessed successfully
[2025-08-25 15:09:31] ACTIVITY: System Initialized - User: guest - Details: Configuration loaded successfully
[2025-08-25 15:09:31] ACTIVITY: Page Loaded - User: guest - Details: Index page accessed successfully
[2025-08-25 15:09:31] ACTIVITY: System Initialized - User: 4 - Details: Configuration loaded successfully
[2025-08-25 15:09:45] ACTIVITY: System Initialized - User: guest - Details: Configuration loaded successfully
[2025-08-25 15:09:45] ACTIVITY: Page Loaded - User: guest - Details: Index page accessed successfully
[2025-08-25 15:15:22] ACTIVITY: System Initialized - User: guest - Details: Configuration loaded successfully
[2025-08-25 15:15:22] ACTIVITY: Page Loaded - User: guest - Details: Index page accessed successfully
[2025-08-25 15:15:25] ACTIVITY: System Initialized - User: guest - Details: Configuration loaded successfully
[2025-08-25 15:15:25] ACTIVITY: Page Loaded - User: guest - Details: Index page accessed successfully
[2025-08-25 15:15:34] ACTIVITY: System Initialized - User: guest - Details: Configuration loaded successfully
[2025-08-25 15:15:34] ACTIVITY: Page Loaded - User: guest - Details: Index page accessed successfully
[2025-08-25 15:15:34] ACTIVITY: System Initialized - User: 3 - Details: Configuration loaded successfully
[2025-08-25 15:16:17] ACTIVITY: System Initialized - User: 3 - Details: Configuration loaded successfully
[2025-08-25 15:17:51] ACTIVITY: System Initialized - User: guest - Details: Configuration loaded successfully
[2025-08-25 15:17:51] ACTIVITY: Page Loaded - User: guest - Details: Index page accessed successfully
[2025-08-25 15:18:01] ACTIVITY: System Initialized - User: guest - Details: Configuration loaded successfully
[2025-08-25 15:18:01] ACTIVITY: Page Loaded - User: guest - Details: Index page accessed successfully
[2025-08-25 15:18:10] ACTIVITY: System Initialized - User: guest - Details: Configuration loaded successfully
[2025-08-25 15:18:10] ACTIVITY: Page Loaded - User: guest - Details: Index page accessed successfully
[2025-08-25 15:18:10] ACTIVITY: System Initialized - User: 3 - Details: Configuration loaded successfully
[2025-08-25 15:18:15] ACTIVITY: System Initialized - User: guest - Details: Configuration loaded successfully
[2025-08-25 15:18:15] ACTIVITY: Page Loaded - User: guest - Details: Index page accessed successfully
[2025-08-25 15:18:18] ACTIVITY: System Initialized - User: guest - Details: Configuration loaded successfully
[2025-08-25 15:18:18] ACTIVITY: Page Loaded - User: guest - Details: Index page accessed successfully
[2025-08-25 15:18:27] ACTIVITY: System Initialized - User: guest - Details: Configuration loaded successfully
[2025-08-25 15:18:27] ACTIVITY: Page Loaded - User: guest - Details: Index page accessed successfully
[2025-08-25 15:18:27] ACTIVITY: System Initialized - User: 4 - Details: Configuration loaded successfully
[2025-08-25 15:18:41] ACTIVITY: System Initialized - User: guest - Details: Configuration loaded successfully
[2025-08-25 15:18:41] ACTIVITY: Page Loaded - User: guest - Details: Index page accessed successfully
[2025-08-25 15:18:48] ACTIVITY: System Initialized - User: guest - Details: Configuration loaded successfully
[2025-08-25 15:18:48] ACTIVITY: Page Loaded - User: guest - Details: Index page accessed successfully
[2025-08-25 15:18:55] ACTIVITY: System Initialized - User: guest - Details: Configuration loaded successfully
[2025-08-25 15:18:55] ACTIVITY: Page Loaded - User: guest - Details: Index page accessed successfully
[2025-08-25 15:18:55] ACTIVITY: System Initialized - User: 3 - Details: Configuration loaded successfully
[2025-08-25 15:33:40] ACTIVITY: System Initialized - User: 3 - Details: Configuration loaded successfully
[2025-08-25 15:33:40] ACTIVITY: System Initialized - User: 3 - Details: Configuration loaded successfully
[2025-08-25 15:33:40] ACTIVITY: System Initialized - User: 3 - Details: Configuration loaded successfully
[2025-08-25 15:33:40] ACTIVITY: System Initialized - User: 3 - Details: Configuration loaded successfully
[2025-08-25 15:33:40] ACTIVITY: System Initialized - User: 3 - Details: Configuration loaded successfully
[2025-08-25 15:34:49] ACTIVITY: System Initialized - User: 3 - Details: Configuration loaded successfully
[2025-08-26 01:41:16] ACTIVITY: System Initialized - User: guest - Details: Configuration loaded successfully
[2025-08-26 01:41:16] ACTIVITY: Page Loaded - User: guest - Details: Index page accessed successfully
[2025-08-26 01:45:57] ACTIVITY: System Initialized - User: guest - Details: Configuration loaded successfully
[2025-08-26 01:45:57] ACTIVITY: Page Loaded - User: guest - Details: Index page accessed successfully
[2025-08-26 01:46:05] ACTIVITY: System Initialized - User: guest - Details: Configuration loaded successfully
[2025-08-26 01:46:05] ACTIVITY: Page Loaded - User: guest - Details: Index page accessed successfully
[2025-08-26 01:46:05] ACTIVITY: System Initialized - User: 3 - Details: Configuration loaded successfully
[2025-08-26 01:47:48] ACTIVITY: System Initialized - User: 3 - Details: Configuration loaded successfully
[2025-08-26 01:48:40] ACTIVITY: System Initialized - User: guest - Details: Configuration loaded successfully
[2025-08-26 01:48:40] ACTIVITY: Page Loaded - User: guest - Details: Index page accessed successfully
[2025-08-26 01:48:48] ACTIVITY: System Initialized - User: guest - Details: Configuration loaded successfully
[2025-08-26 01:48:48] ACTIVITY: Page Loaded - User: guest - Details: Index page accessed successfully
[2025-08-26 01:48:52] ACTIVITY: System Initialized - User: guest - Details: Configuration loaded successfully
[2025-08-26 01:48:52] ACTIVITY: Page Loaded - User: guest - Details: Index page accessed successfully
[2025-08-26 01:48:59] ACTIVITY: System Initialized - User: guest - Details: Configuration loaded successfully
[2025-08-26 01:48:59] ACTIVITY: Page Loaded - User: guest - Details: Index page accessed successfully
[2025-08-26 01:49:04] ACTIVITY: System Initialized - User: guest - Details: Configuration loaded successfully
[2025-08-26 01:49:04] ACTIVITY: Page Loaded - User: guest - Details: Index page accessed successfully
[2025-08-26 01:49:07] ACTIVITY: System Initialized - User: guest - Details: Configuration loaded successfully
[2025-08-26 01:49:07] ACTIVITY: Page Loaded - User: guest - Details: Index page accessed successfully
[2025-08-26 01:49:10] ACTIVITY: System Initialized - User: guest - Details: Configuration loaded successfully
[2025-08-26 01:49:10] ACTIVITY: Page Loaded - User: guest - Details: Index page accessed successfully
[2025-08-26 01:49:21] ACTIVITY: System Initialized - User: guest - Details: Configuration loaded successfully
[2025-08-26 01:49:21] ACTIVITY: Page Loaded - User: guest - Details: Index page accessed successfully
[2025-08-26 01:49:21] ACTIVITY: System Initialized - User: 1 - Details: Configuration loaded successfully
[2025-08-26 01:49:21] ACTIVITY: Dashboard Accessed - User: 1 - Details: Student dashboard loaded successfully
[2025-08-26 01:49:26] ACTIVITY: System Initialized - User: 1 - Details: Configuration loaded successfully
[2025-08-26 01:49:26] ACTIVITY: Page Loaded - User: 1 - Details: Index page accessed successfully
[2025-08-26 01:49:31] ACTIVITY: System Initialized - User: 1 - Details: Configuration loaded successfully
[2025-08-26 01:49:31] ACTIVITY: Page Loaded - User: 1 - Details: Index page accessed successfully
[2025-08-26 01:49:42] ACTIVITY: System Initialized - User: 1 - Details: Configuration loaded successfully
[2025-08-26 01:49:42] ACTIVITY: Page Loaded - User: 1 - Details: Index page accessed successfully
[2025-08-26 01:49:50] ACTIVITY: System Initialized - User: 1 - Details: Configuration loaded successfully
[2025-08-26 01:49:50] ACTIVITY: Page Loaded - User: 1 - Details: Index page accessed successfully
[2025-08-26 09:55:18] ACTIVITY: System Initialized - User: guest - Details: Configuration loaded successfully
[2025-08-26 09:55:18] ACTIVITY: Page Loaded - User: guest - Details: Index page accessed successfully
[2025-08-26 09:55:29] ACTIVITY: System Initialized - User: guest - Details: Configuration loaded successfully
[2025-08-26 09:55:29] ACTIVITY: Page Loaded - User: guest - Details: Index page accessed successfully
[2025-08-26 09:55:29] ACTIVITY: System Initialized - User: 3 - Details: Configuration loaded successfully
[2025-08-26 09:57:43] ACTIVITY: System Initialized - User: 3 - Details: Configuration loaded successfully
[2025-08-26 09:58:06] ACTIVITY: System Initialized - User: guest - Details: Configuration loaded successfully
[2025-08-26 09:58:06] ACTIVITY: Page Loaded - User: guest - Details: Index page accessed successfully
[2025-08-26 09:58:10] ACTIVITY: System Initialized - User: guest - Details: Configuration loaded successfully
[2025-08-26 09:58:10] ACTIVITY: Page Loaded - User: guest - Details: Index page accessed successfully
[2025-08-26 09:58:20] ACTIVITY: System Initialized - User: guest - Details: Configuration loaded successfully
[2025-08-26 09:58:20] ACTIVITY: Page Loaded - User: guest - Details: Index page accessed successfully
[2025-08-26 09:58:37] ACTIVITY: System Initialized - User: guest - Details: Configuration loaded successfully
[2025-08-26 09:58:37] ACTIVITY: Page Loaded - User: guest - Details: Index page accessed successfully
[2025-08-26 09:58:50] ACTIVITY: System Initialized - User: guest - Details: Configuration loaded successfully
[2025-08-26 09:58:50] ACTIVITY: Page Loaded - User: guest - Details: Index page accessed successfully
[2025-08-26 09:58:50] ACTIVITY: System Initialized - User: 5 - Details: Configuration loaded successfully
[2025-08-26 09:59:40] ACTIVITY: System Initialized - User: 5 - Details: Configuration loaded successfully
[2025-08-26 10:00:17] ACTIVITY: System Initialized - User: guest - Details: Configuration loaded successfully
[2025-08-26 10:00:17] ACTIVITY: Page Loaded - User: guest - Details: Index page accessed successfully
[2025-08-26 10:00:21] ACTIVITY: System Initialized - User: guest - Details: Configuration loaded successfully
[2025-08-26 10:00:21] ACTIVITY: Page Loaded - User: guest - Details: Index page accessed successfully
[2025-08-26 10:50:45] ACTIVITY: System Initialized - User: guest - Details: Configuration loaded successfully
[2025-08-26 10:50:45] ACTIVITY: Page Loaded - User: guest - Details: Index page accessed successfully
